Arguments: 
  /home/rhalff/.nvm/versions/node/v9.2.0/bin/node /home/rhalff/.nvm/versions/node/v9.2.0/bin/yarn build

PATH: 
  /home/rhalff/.yarn/bin:/home/rhalff/.config/yarn/global/node_modules/.bin:/home/rhalff/bin:./node_modules/.bin:/home/rhalff/.nix-profile/bin:/home/rhalff/.nix-profile/sbin:/home/rhalff/bin:/home/rhalff/.yarn/bin:/home/rhalff/.config/yarn/global/node_modules/.bin:/home/rhalff/bin:./node_modules/.bin:/home/rhalff/.nvm/versions/node/v9.2.0/bin:/home/rhalff/bin:/usr/local/sbin:/usr/local/bin:/usr/sbin:/usr/bin:/sbin:/bin:/usr/games:/usr/local/games:/snap/bin:/usr/lib/jvm/java-8-oracle/bin:/usr/lib/jvm/java-8-oracle/db/bin:/usr/lib/jvm/java-8-oracle/jre/bin:/home/rhalff/.rvm/bin:/usr/lib/jvm/java-8-oracle/bin:/usr/lib/jvm/java-8-oracle/db/bin:/usr/lib/jvm/java-8-oracle/jre/bin:/home/rhalff/git/v8/depot_tools:/home/rhalff/.rvm/bin:/home/rhalff/.rvm/bin:/home/rhalff/git/v8/depot_tools:/home/rhalff/.rvm/bin

Yarn version: 
  1.5.1

Node version: 
  9.2.0

Platform: 
  linux x64

npm manifest: 
  {
    "name": "angular2-json-schema-form",
    "version": "0.7.0-alpha.1",
    "author": {
      "name": "David Schnell-Davis",
      "email": "dschnelldavis@gmail.com"
    },
    "description": "Angular JSON Schema Form builder",
    "keywords": [
      "Angular",
      "ng",
      "Angular4",
      "Angular 4",
      "ng4",
      "Angular5",
      "Angular 5",
      "ng5",
      "JSON Schema",
      "form",
      "forms",
      "form builder"
    ],
    "license": "MIT",
    "repository": {
      "type": "git",
      "url": "git+https://github.com/dschnelldavis/angular2-json-schema-form"
    },
    "bugs": {
      "url": "https://github.com/dschnelldavis/angular2-json-schema-form/issues"
    },
    "engines": {
      "node": ">= 6.9.0",
      "npm": ">= 3.0.0"
    },
    "scripts": {
      "ng": "ng",
      "serve": "ng serve",
      "start": "ng serve",
      "test": "ng test",
      "lint": "ng lint",
      "docs": "typedoc src/lib/src/",
      "clean": "rimraf out-ngc dist/*",
      "prebuild": "npm run clean",
      "build": "ts-node build.ts",
      "postbuild": "rimraf out-ngc",
      "prepublishOnly": "npm run build",
      "publish": "cd dist && npm publish",
      "preng-build": "rimraf dist/*",
      "ng-build": "ng build",
      "predeploy": "npm run build",
      "deploy": "gh-pages --dist dist/angular2-json-schema-form/ --branch angular-6-dist"
    },
    "dependencies": {
      "ajv": "^6.4.0",
      "lodash": "4.x"
    },
    "peerDependencies": {
      "@angular/cdk": "^6.0.0-rc.12",
      "@angular/common": "^6.0.0-rc.0 || ^6.0.0",
      "@angular/core": "^6.0.0-rc.0 || ^6.0.0",
      "@angular/flex-layout": "^6.0.0-beta.15",
      "@angular/forms": "^6.0.0-rc.5",
      "@angular/material": "^6.0.0-rc.12",
      "@angular/platform-browser": "^6.0.0-rc.1",
      "rxjs-compat": "6.0.0-rc.0"
    },
    "devDependencies": {
      "@angular-devkit/build-angular": "~0.5.0",
      "@angular-devkit/build-ng-packagr": "~0.5.0",
      "@angular/animations": "^6.0.0-rc.5",
      "@angular/cdk": "^6.0.0-rc.12",
      "@angular/cli": "6.0.0-rc.5",
      "@angular/common": "^6.0.0-rc.0 || ^6.0.0",
      "@angular/compiler": "^6.0.0-rc.1",
      "@angular/compiler-cli": "6.0.0-rc.5",
      "@angular/core": "^6.0.0-rc.0 || ^6.0.0",
      "@angular/flex-layout": "^6.0.0-beta.15",
      "@angular/forms": "^6.0.0-rc.5",
      "@angular/http": "^6.0.0-rc.1",
      "@angular/language-service": "6.0.0-rc.5",
      "@angular/material": "^6.0.0-rc.12",
      "@angular/platform-browser": "^6.0.0-rc.1",
      "@angular/platform-browser-dynamic": "^6.0.0-rc.1",
      "@angular/router": "^6.0.0-rc.5",
      "@types/ace": "0.0.37",
      "@types/jasmine": "^2.8.6",
      "@types/jasminewd2": "~2.0.3",
      "@types/node": "^9.6.6",
      "brace": "^0.11.1",
      "camelcase": "^5.0.0",
      "codelyzer": "^4.3.0",
      "concurrently": "^3.5.1",
      "core-js": "^2.5.5",
      "gh-pages": "^1.1.0",
      "glob": "^7.1.2",
      "hammerjs": "2.x",
      "jasmine-core": "^3.1.0",
      "jasmine-spec-reporter": "^4.2.1",
      "karma": "^2.0.2",
      "karma-chrome-launcher": "^2.2.0",
      "karma-cli": "^1.0.1",
      "karma-coverage-istanbul-reporter": "^1.4.2",
      "karma-jasmine": "^1.1.1",
      "karma-jasmine-html-reporter": "^1.0.0",
      "ng-packagr": "^3.0.0-rc.2",
      "protractor": "^5.3.1",
      "rimraf": "^2.6.2",
      "rollup": "^0.58.2",
      "rollup-plugin-commonjs": "^9.1.0",
      "rollup-plugin-node-resolve-angular": "^2.0.3",
      "rollup-plugin-sourcemaps": "^0.4.2",
      "rollup-plugin-uglify": "^3.0.0",
      "rxjs": "6.0.0-uncanny-rc.7",
      "rxjs-compat": "6.0.0-rc.0",
      "ts-node": "^6.0.0",
      "tsickle": ">=0.25.5",
      "tslib": "^1.7.1",
      "tslint": "^5.9.1",
      "typedoc": "^0.11.1",
      "typescript": "2.7.2",
      "zone.js": "^0.8.26"
    }
  }

yarn manifest: 
  No manifest

Lockfile: 
  No lockfile

Trace: 
  Error: Command failed.
  Exit code: 1
  Command: sh
  Arguments: -c ts-node build.ts
  Directory: /srv/data/git/rhalff/angular2-json-schema-form
  Output:
  
      at ProcessTermError.MessageError (/home/rhalff/.nvm/versions/node/v9.2.0/lib/node_modules/yarn/lib/cli.js:186:110)
      at new ProcessTermError (/home/rhalff/.nvm/versions/node/v9.2.0/lib/node_modules/yarn/lib/cli.js:226:113)
      at ChildProcess.<anonymous> (/home/rhalff/.nvm/versions/node/v9.2.0/lib/node_modules/yarn/lib/cli.js:30281:17)
      at ChildProcess.emit (events.js:159:13)
      at maybeClose (internal/child_process.js:943:16)
      at Process.ChildProcess._handle.onexit (internal/child_process.js:220:5)
